[2026-02-14T19:35:53.887+0000] {taskinstance.py:1956} INFO - Dependencies all met for dep_context=non-requeueable deps ti=<TaskInstance: run_python_script_15min.run_script_with_bash scheduled__2026-02-14T19:15:00+00:00 [queued]>
[2026-02-14T19:35:53.896+0000] {taskinstance.py:1956} INFO - Dependencies all met for dep_context=requeueable deps ti=<TaskInstance: run_python_script_15min.run_script_with_bash scheduled__2026-02-14T19:15:00+00:00 [queued]>
[2026-02-14T19:35:53.897+0000] {taskinstance.py:2170} INFO - Starting attempt 2 of 2
[2026-02-14T19:35:53.912+0000] {taskinstance.py:2191} INFO - Executing <Task(BashOperator): run_script_with_bash> on 2026-02-14 19:15:00+00:00
[2026-02-14T19:35:53.918+0000] {standard_task_runner.py:60} INFO - Started process 45561 to run task
[2026-02-14T19:35:53.923+0000] {standard_task_runner.py:87} INFO - Running: ['***', 'tasks', 'run', 'run_python_script_15min', 'run_script_with_bash', 'scheduled__2026-02-14T19:15:00+00:00', '--job-id', '239', '--raw', '--subdir', 'DAGS_FOLDER/check_lag_dag.py', '--cfg-path', '/tmp/tmpedql_rdw']
[2026-02-14T19:35:53.927+0000] {standard_task_runner.py:88} INFO - Job 239: Subtask run_script_with_bash
[2026-02-14T19:35:53.988+0000] {task_command.py:423} INFO - Running <TaskInstance: run_python_script_15min.run_script_with_bash scheduled__2026-02-14T19:15:00+00:00 [running]> on host 605a2f14a00a
[2026-02-14T19:35:54.093+0000] {taskinstance.py:2480} INFO - Exporting env vars: AIRFLOW_CTX_DAG_OWNER='***' AIRFLOW_CTX_DAG_ID='run_python_script_15min' AIRFLOW_CTX_TASK_ID='run_script_with_bash' AIRFLOW_CTX_EXECUTION_DATE='2026-02-14T19:15:00+00:00' AIRFLOW_CTX_TRY_NUMBER='2' AIRFLOW_CTX_DAG_RUN_ID='scheduled__2026-02-14T19:15:00+00:00'
[2026-02-14T19:35:54.094+0000] {subprocess.py:63} INFO - Tmp dir root location: /tmp
[2026-02-14T19:35:54.095+0000] {subprocess.py:75} INFO - Running command: ['/usr/bin/bash', '-c', 'cd /opt/***/scripts && pip install -q -r requirements.txt && python script.py']
[2026-02-14T19:35:54.106+0000] {subprocess.py:86} INFO - Output:
[2026-02-14T19:35:58.239+0000] {subprocess.py:93} INFO - 
[2026-02-14T19:35:58.239+0000] {subprocess.py:93} INFO - [notice] A new release of pip is available: 23.3.2 -> 26.0.1
[2026-02-14T19:35:58.240+0000] {subprocess.py:93} INFO - [notice] To update, run: python -m pip install --upgrade pip
[2026-02-14T19:35:59.298+0000] {subprocess.py:93} INFO - 2026-02-14 19:35:59,298 | INFO     | Running for ðŸ”µ Blue Environment
[2026-02-14T19:36:14.632+0000] {subprocess.py:93} INFO - ClickHouse [ch-new.callcourier.com.pk]:   0%|          | 0/161 [00:00<?, ?it/s]ClickHouse [ch-new.callcourier.com.pk]:  12%|â–ˆâ–        | 19/161 [00:00<00:00, 186.93it/s]ClickHouse [ch-new.callcourier.com.pk]:  43%|â–ˆâ–ˆâ–ˆâ–ˆâ–Ž     | 70/161 [00:00<00:00, 371.95it/s]ClickHouse [ch-new.callcourier.com.pk]:  67%|â–ˆâ–ˆâ–ˆâ–ˆâ–ˆâ–ˆâ–‹   | 108/161 [00:13<00:08,  6.23it/s]ClickHouse [ch-new.callcourier.com.pk]:  71%|â–ˆâ–ˆâ–ˆâ–ˆâ–ˆâ–ˆâ–ˆâ–  | 115/161 [00:13<00:06,  6.90it/s]ClickHouse [ch-new.callcourier.com.pk]:  86%|â–ˆâ–ˆâ–ˆâ–ˆâ–ˆâ–ˆâ–ˆâ–ˆâ–‹ | 139/161 [00:15<00:02,  8.46it/s]ClickHouse [ch-new.callcourier.com.pk]: 100%|â–ˆâ–ˆâ–ˆâ–ˆâ–ˆâ–ˆâ–ˆâ–ˆâ–ˆâ–ˆ| 161/161 [00:15<00:00, 10.63it/s]
[2026-02-14T19:36:15.245+0000] {subprocess.py:93} INFO - 2026-02-14 19:36:15,245 | INFO     | CSV written: /opt/***/scripts/output/files/table_comparison__blue_environment.csv
[2026-02-14T19:36:15.246+0000] {subprocess.py:93} INFO - 2026-02-14 19:36:15,245 | INFO     | Running for ðŸŸ¢ Green Environment
[2026-02-14T19:36:18.542+0000] {subprocess.py:93} INFO - 2026-02-14 19:36:18,542 | WARNING  | Retrying (Retry(total=0, connect=None, read=None, redirect=0, status=None)) after connection broken by 'NewConnectionError('<urllib3.connection.HTTPSConnection object at 0x6ffc02f58810>: Failed to establish a new connection: [Errno 113] No route to host')': /?query_id=d2009c29-74b2-431a-b67b-62b62f6b037b
[2026-02-14T19:36:21.614+0000] {subprocess.py:93} INFO - 2026-02-14 19:36:21,614 | WARNING  | Unexpected Http Driver Exception
[2026-02-14T19:36:21.614+0000] {subprocess.py:93} INFO - Traceback (most recent call last):
[2026-02-14T19:36:21.615+0000] {subprocess.py:93} INFO -   File "/home/***/.local/lib/python3.11/site-packages/urllib3/connection.py", line 203, in _new_conn
[2026-02-14T19:36:21.615+0000] {subprocess.py:93} INFO -     sock = connection.create_connection(
[2026-02-14T19:36:21.615+0000] {subprocess.py:93} INFO -            ^^^^^^^^^^^^^^^^^^^^^^^^^^^^^
[2026-02-14T19:36:21.615+0000] {subprocess.py:93} INFO -   File "/home/***/.local/lib/python3.11/site-packages/urllib3/util/connection.py", line 85, in create_connection
[2026-02-14T19:36:21.616+0000] {subprocess.py:93} INFO -     raise err
[2026-02-14T19:36:21.616+0000] {subprocess.py:93} INFO -   File "/home/***/.local/lib/python3.11/site-packages/urllib3/util/connection.py", line 73, in create_connection
[2026-02-14T19:36:21.616+0000] {subprocess.py:93} INFO -     sock.connect(sa)
[2026-02-14T19:36:21.616+0000] {subprocess.py:93} INFO - OSError: [Errno 113] No route to host
[2026-02-14T19:36:21.617+0000] {subprocess.py:93} INFO - 
[2026-02-14T19:36:21.617+0000] {subprocess.py:93} INFO - The above exception was the direct cause of the following exception:
[2026-02-14T19:36:21.617+0000] {subprocess.py:93} INFO - 
[2026-02-14T19:36:21.617+0000] {subprocess.py:93} INFO - Traceback (most recent call last):
[2026-02-14T19:36:21.618+0000] {subprocess.py:93} INFO -   File "/home/***/.local/lib/python3.11/site-packages/urllib3/connectionpool.py", line 791, in urlopen
[2026-02-14T19:36:21.618+0000] {subprocess.py:93} INFO -     response = self._make_request(
[2026-02-14T19:36:21.618+0000] {subprocess.py:93} INFO -                ^^^^^^^^^^^^^^^^^^^
[2026-02-14T19:36:21.618+0000] {subprocess.py:93} INFO -   File "/home/***/.local/lib/python3.11/site-packages/urllib3/connectionpool.py", line 492, in _make_request
[2026-02-14T19:36:21.618+0000] {subprocess.py:93} INFO -     raise new_e
[2026-02-14T19:36:21.619+0000] {subprocess.py:93} INFO -   File "/home/***/.local/lib/python3.11/site-packages/urllib3/connectionpool.py", line 468, in _make_request
[2026-02-14T19:36:21.619+0000] {subprocess.py:93} INFO -     self._validate_conn(conn)
[2026-02-14T19:36:21.619+0000] {subprocess.py:93} INFO -   File "/home/***/.local/lib/python3.11/site-packages/urllib3/connectionpool.py", line 1097, in _validate_conn
[2026-02-14T19:36:21.619+0000] {subprocess.py:93} INFO -     conn.connect()
[2026-02-14T19:36:21.620+0000] {subprocess.py:93} INFO -   File "/home/***/.local/lib/python3.11/site-packages/urllib3/connection.py", line 611, in connect
[2026-02-14T19:36:21.620+0000] {subprocess.py:93} INFO -     self.sock = sock = self._new_conn()
[2026-02-14T19:36:21.620+0000] {subprocess.py:93} INFO -                        ^^^^^^^^^^^^^^^^
[2026-02-14T19:36:21.620+0000] {subprocess.py:93} INFO -   File "/home/***/.local/lib/python3.11/site-packages/urllib3/connection.py", line 218, in _new_conn
[2026-02-14T19:36:21.620+0000] {subprocess.py:93} INFO -     raise NewConnectionError(
[2026-02-14T19:36:21.621+0000] {subprocess.py:93} INFO - urllib3.exceptions.NewConnectionError: <urllib3.connection.HTTPSConnection object at 0x6ffc02f5a850>: Failed to establish a new connection: [Errno 113] No route to host
[2026-02-14T19:36:21.621+0000] {subprocess.py:93} INFO - 
[2026-02-14T19:36:21.621+0000] {subprocess.py:93} INFO - The above exception was the direct cause of the following exception:
[2026-02-14T19:36:21.621+0000] {subprocess.py:93} INFO - 
[2026-02-14T19:36:21.622+0000] {subprocess.py:93} INFO - Traceback (most recent call last):
[2026-02-14T19:36:21.622+0000] {subprocess.py:93} INFO -   File "/home/***/.local/lib/python3.11/site-packages/clickhouse_connect/driver/httpclient.py", line 542, in _raw_request
[2026-02-14T19:36:21.622+0000] {subprocess.py:93} INFO -     response = self.http.request(method, url, **kwargs)
[2026-02-14T19:36:21.622+0000] {subprocess.py:93} INFO -                ^^^^^^^^^^^^^^^^^^^^^^^^^^^^^^^^^^^^^^^^
[2026-02-14T19:36:21.622+0000] {subprocess.py:93} INFO -   File "/home/***/.local/lib/python3.11/site-packages/urllib3/_request_methods.py", line 118, in request
[2026-02-14T19:36:21.623+0000] {subprocess.py:93} INFO -     return self.request_encode_body(
[2026-02-14T19:36:21.623+0000] {subprocess.py:93} INFO -            ^^^^^^^^^^^^^^^^^^^^^^^^^
[2026-02-14T19:36:21.623+0000] {subprocess.py:93} INFO -   File "/home/***/.local/lib/python3.11/site-packages/urllib3/_request_methods.py", line 217, in request_encode_body
[2026-02-14T19:36:21.623+0000] {subprocess.py:93} INFO -     return self.urlopen(method, url, **extra_kw)
[2026-02-14T19:36:21.624+0000] {subprocess.py:93} INFO -            ^^^^^^^^^^^^^^^^^^^^^^^^^^^^^^^^^^^^^
[2026-02-14T19:36:21.624+0000] {subprocess.py:93} INFO -   File "/home/***/.local/lib/python3.11/site-packages/urllib3/poolmanager.py", line 443, in urlopen
[2026-02-14T19:36:21.624+0000] {subprocess.py:93} INFO -     response = conn.urlopen(method, u.request_uri, **kw)
[2026-02-14T19:36:21.624+0000] {subprocess.py:93} INFO -                ^^^^^^^^^^^^^^^^^^^^^^^^^^^^^^^^^^^^^^^^^
[2026-02-14T19:36:21.624+0000] {subprocess.py:93} INFO -   File "/home/***/.local/lib/python3.11/site-packages/urllib3/connectionpool.py", line 875, in urlopen
[2026-02-14T19:36:21.625+0000] {subprocess.py:93} INFO -     return self.urlopen(
[2026-02-14T19:36:21.625+0000] {subprocess.py:93} INFO -            ^^^^^^^^^^^^^
[2026-02-14T19:36:21.625+0000] {subprocess.py:93} INFO -   File "/home/***/.local/lib/python3.11/site-packages/urllib3/connectionpool.py", line 845, in urlopen
[2026-02-14T19:36:21.626+0000] {subprocess.py:93} INFO -     retries = retries.increment(
[2026-02-14T19:36:21.626+0000] {subprocess.py:93} INFO -               ^^^^^^^^^^^^^^^^^^
[2026-02-14T19:36:21.626+0000] {subprocess.py:93} INFO -   File "/home/***/.local/lib/python3.11/site-packages/urllib3/util/retry.py", line 515, in increment
[2026-02-14T19:36:21.626+0000] {subprocess.py:93} INFO -     raise MaxRetryError(_pool, url, reason) from reason  # type: ignore[arg-type]
[2026-02-14T19:36:21.627+0000] {subprocess.py:93} INFO -     ^^^^^^^^^^^^^^^^^^^^^^^^^^^^^^^^^^^^^^^^^^^^^^^^^^^
[2026-02-14T19:36:21.627+0000] {subprocess.py:93} INFO - urllib3.exceptions.MaxRetryError: HTTPSConnectionPool(host='ch-prod-green.callcourier.com.pk', port=443): Max retries exceeded with url: /?query_id=d2009c29-74b2-431a-b67b-62b62f6b037b (Caused by NewConnectionError('<urllib3.connection.HTTPSConnection object at 0x6ffc02f5a850>: Failed to establish a new connection: [Errno 113] No route to host'))
[2026-02-14T19:36:21.627+0000] {subprocess.py:93} INFO - 
[2026-02-14T19:36:21.627+0000] {subprocess.py:93} INFO - The above exception was the direct cause of the following exception:
[2026-02-14T19:36:21.627+0000] {subprocess.py:93} INFO - 
[2026-02-14T19:36:21.628+0000] {subprocess.py:93} INFO - Traceback (most recent call last):
[2026-02-14T19:36:21.628+0000] {subprocess.py:93} INFO -   File "/opt/***/scripts/script.py", line 302, in <module>
[2026-02-14T19:36:21.628+0000] {subprocess.py:93} INFO -     App().run()
[2026-02-14T19:36:21.628+0000] {subprocess.py:93} INFO -   File "/opt/***/scripts/script.py", line 287, in run
[2026-02-14T19:36:21.629+0000] {subprocess.py:93} INFO -     ch_tables = ClickHouseClient(config).fetch_tables()
[2026-02-14T19:36:21.629+0000] {subprocess.py:93} INFO -                 ^^^^^^^^^^^^^^^^^^^^^^^^
[2026-02-14T19:36:21.629+0000] {subprocess.py:93} INFO -   File "/opt/***/scripts/script.py", line 114, in __init__
[2026-02-14T19:36:21.629+0000] {subprocess.py:93} INFO -     self.client = clickhouse_connect.get_client(
[2026-02-14T19:36:21.630+0000] {subprocess.py:93} INFO -                   ^^^^^^^^^^^^^^^^^^^^^^^^^^^^^^
[2026-02-14T19:36:21.630+0000] {subprocess.py:93} INFO -   File "/home/***/.local/lib/python3.11/site-packages/clickhouse_connect/driver/__init__.py", line 130, in create_client
[2026-02-14T19:36:21.630+0000] {subprocess.py:93} INFO -     return HttpClient(interface, host, port, username, password, database, access_token,
[2026-02-14T19:36:21.630+0000] {subprocess.py:93} INFO -            ^^^^^^^^^^^^^^^^^^^^^^^^^^^^^^^^^^^^^^^^^^^^^^^^^^^^^^^^^^^^^^^^^^^^^^^^^^^^^
[2026-02-14T19:36:21.630+0000] {subprocess.py:93} INFO -   File "/home/***/.local/lib/python3.11/site-packages/clickhouse_connect/driver/httpclient.py", line 182, in __init__
[2026-02-14T19:36:21.631+0000] {subprocess.py:93} INFO -     super().__init__(database=database,
[2026-02-14T19:36:21.631+0000] {subprocess.py:93} INFO -   File "/home/***/.local/lib/python3.11/site-packages/clickhouse_connect/driver/client.py", line 99, in __init__
[2026-02-14T19:36:21.631+0000] {subprocess.py:93} INFO -     self._init_common_settings(apply_server_timezone)
[2026-02-14T19:36:21.631+0000] {subprocess.py:93} INFO -   File "/home/***/.local/lib/python3.11/site-packages/clickhouse_connect/driver/client.py", line 104, in _init_common_settings
[2026-02-14T19:36:21.632+0000] {subprocess.py:93} INFO -     tuple(self.command('SELECT version(), timezone()', use_database=False))
[2026-02-14T19:36:21.632+0000] {subprocess.py:93} INFO -           ^^^^^^^^^^^^^^^^^^^^^^^^^^^^^^^^^^^^^^^^^^^^^^^^^^^^^^^^^^^^^^^^
[2026-02-14T19:36:21.632+0000] {subprocess.py:93} INFO -   File "/home/***/.local/lib/python3.11/site-packages/clickhouse_connect/driver/httpclient.py", line 428, in command
[2026-02-14T19:36:21.632+0000] {subprocess.py:93} INFO -     response = self._raw_request(payload, params, headers, method, fields=fields, server_wait=False)
[2026-02-14T19:36:21.632+0000] {subprocess.py:93} INFO -                ^^^^^^^^^^^^^^^^^^^^^^^^^^^^^^^^^^^^^^^^^^^^^^^^^^^^^^^^^^^^^^^^^^^^^^^^^^^^^^^^^^^^^
[2026-02-14T19:36:21.633+0000] {subprocess.py:93} INFO -   File "/home/***/.local/lib/python3.11/site-packages/clickhouse_connect/driver/httpclient.py", line 554, in _raw_request
[2026-02-14T19:36:21.633+0000] {subprocess.py:93} INFO -     raise OperationalError(f'Error {ex} executing HTTP request attempt {attempts}{err_url}') from ex
[2026-02-14T19:36:21.633+0000] {subprocess.py:93} INFO - clickhouse_connect.driver.exceptions.OperationalError: Error HTTPSConnectionPool(host='ch-prod-green.callcourier.com.pk', port=443): Max retries exceeded with url: /?query_id=d2009c29-74b2-431a-b67b-62b62f6b037b (Caused by NewConnectionError('<urllib3.connection.HTTPSConnection object at 0x6ffc02f5a850>: Failed to establish a new connection: [Errno 113] No route to host')) executing HTTP request attempt 1 (https://ch-prod-green.callcourier.com.pk:443)
[2026-02-14T19:36:21.758+0000] {subprocess.py:97} INFO - Command exited with return code 1
[2026-02-14T19:36:21.777+0000] {taskinstance.py:2698} ERROR - Task failed with exception
Traceback (most recent call last):
  File "/home/airflow/.local/lib/python3.11/site-packages/airflow/models/taskinstance.py", line 433, in _execute_task
    result = execute_callable(context=context, **execute_callable_kwargs)
             ^^^^^^^^^^^^^^^^^^^^^^^^^^^^^^^^^^^^^^^^^^^^^^^^^^^^^^^^^^^^
  File "/home/airflow/.local/lib/python3.11/site-packages/airflow/operators/bash.py", line 212, in execute
    raise AirflowException(
airflow.exceptions.AirflowException: Bash command failed. The command returned a non-zero exit code 1.
[2026-02-14T19:36:21.782+0000] {taskinstance.py:1138} INFO - Marking task as FAILED. dag_id=run_python_script_15min, task_id=run_script_with_bash, execution_date=20260214T191500, start_date=20260214T193553, end_date=20260214T193621
[2026-02-14T19:36:21.798+0000] {standard_task_runner.py:107} ERROR - Failed to execute job 239 for task run_script_with_bash (Bash command failed. The command returned a non-zero exit code 1.; 45561)
[2026-02-14T19:36:21.833+0000] {local_task_job_runner.py:234} INFO - Task exited with return code 1
[2026-02-14T19:36:21.853+0000] {taskinstance.py:3280} INFO - 0 downstream tasks scheduled from follow-on schedule check
