[2026-02-15T06:20:30.680+0000] {taskinstance.py:1956} INFO - Dependencies all met for dep_context=non-requeueable deps ti=<TaskInstance: run_python_script_15min.run_script_with_bash scheduled__2026-02-15T06:00:00+00:00 [queued]>
[2026-02-15T06:20:30.690+0000] {taskinstance.py:1956} INFO - Dependencies all met for dep_context=requeueable deps ti=<TaskInstance: run_python_script_15min.run_script_with_bash scheduled__2026-02-15T06:00:00+00:00 [queued]>
[2026-02-15T06:20:30.691+0000] {taskinstance.py:2170} INFO - Starting attempt 2 of 2
[2026-02-15T06:20:30.704+0000] {taskinstance.py:2191} INFO - Executing <Task(BashOperator): run_script_with_bash> on 2026-02-15 06:00:00+00:00
[2026-02-15T06:20:30.710+0000] {standard_task_runner.py:60} INFO - Started process 5596 to run task
[2026-02-15T06:20:30.715+0000] {standard_task_runner.py:87} INFO - Running: ['***', 'tasks', 'run', 'run_python_script_15min', 'run_script_with_bash', 'scheduled__2026-02-15T06:00:00+00:00', '--job-id', '24', '--raw', '--subdir', 'DAGS_FOLDER/check_lag_dag.py', '--cfg-path', '/tmp/tmps8hcskpm']
[2026-02-15T06:20:30.719+0000] {standard_task_runner.py:88} INFO - Job 24: Subtask run_script_with_bash
[2026-02-15T06:20:30.779+0000] {task_command.py:423} INFO - Running <TaskInstance: run_python_script_15min.run_script_with_bash scheduled__2026-02-15T06:00:00+00:00 [running]> on host 04d0e842fa95
[2026-02-15T06:20:30.871+0000] {taskinstance.py:2480} INFO - Exporting env vars: AIRFLOW_CTX_DAG_OWNER='***' AIRFLOW_CTX_DAG_ID='run_python_script_15min' AIRFLOW_CTX_TASK_ID='run_script_with_bash' AIRFLOW_CTX_EXECUTION_DATE='2026-02-15T06:00:00+00:00' AIRFLOW_CTX_TRY_NUMBER='2' AIRFLOW_CTX_DAG_RUN_ID='scheduled__2026-02-15T06:00:00+00:00'
[2026-02-15T06:20:30.872+0000] {subprocess.py:63} INFO - Tmp dir root location: /tmp
[2026-02-15T06:20:30.873+0000] {subprocess.py:75} INFO - Running command: ['/usr/bin/bash', '-c', 'cd /opt/***/scripts && pip install -q -r requirements.txt && python script.py']
[2026-02-15T06:20:30.884+0000] {subprocess.py:86} INFO - Output:
[2026-02-15T06:20:34.870+0000] {subprocess.py:93} INFO - 
[2026-02-15T06:20:34.870+0000] {subprocess.py:93} INFO - [notice] A new release of pip is available: 23.3.2 -> 26.0.1
[2026-02-15T06:20:34.870+0000] {subprocess.py:93} INFO - [notice] To update, run: python -m pip install --upgrade pip
[2026-02-15T06:20:35.865+0000] {subprocess.py:93} INFO - 2026-02-15 06:20:35,865 | INFO     | Running for ðŸ”µ Blue Environment
[2026-02-15T06:20:51.434+0000] {subprocess.py:93} INFO - ClickHouse [ch-new.callcourier.com.pk]:   0%|          | 0/161 [00:00<?, ?it/s]ClickHouse [ch-new.callcourier.com.pk]:  10%|â–‰         | 16/161 [00:00<00:00, 153.06it/s]ClickHouse [ch-new.callcourier.com.pk]:  43%|â–ˆâ–ˆâ–ˆâ–ˆâ–Ž     | 70/161 [00:00<00:00, 367.44it/s]ClickHouse [ch-new.callcourier.com.pk]:  66%|â–ˆâ–ˆâ–ˆâ–ˆâ–ˆâ–ˆâ–‹   | 107/161 [00:13<00:08,  6.06it/s]ClickHouse [ch-new.callcourier.com.pk]:  72%|â–ˆâ–ˆâ–ˆâ–ˆâ–ˆâ–ˆâ–ˆâ–  | 116/161 [00:13<00:06,  6.88it/s]ClickHouse [ch-new.callcourier.com.pk]:  86%|â–ˆâ–ˆâ–ˆâ–ˆâ–ˆâ–ˆâ–ˆâ–ˆâ–‹ | 139/161 [00:15<00:02,  8.45it/s]ClickHouse [ch-new.callcourier.com.pk]: 100%|â–ˆâ–ˆâ–ˆâ–ˆâ–ˆâ–ˆâ–ˆâ–ˆâ–ˆâ–ˆ| 161/161 [00:15<00:00, 10.48it/s]
[2026-02-15T06:20:52.073+0000] {subprocess.py:93} INFO - 2026-02-15 06:20:52,073 | INFO     | CSV written: /opt/***/scripts/output/files/table_comparison__blue_environment.csv
[2026-02-15T06:20:52.074+0000] {subprocess.py:93} INFO - 2026-02-15 06:20:52,073 | INFO     | Running for ðŸŸ¢ Green Environment
[2026-02-15T06:20:55.284+0000] {subprocess.py:93} INFO - 2026-02-15 06:20:55,283 | WARNING  | Retrying (Retry(total=0, connect=None, read=None, redirect=0, status=None)) after connection broken by 'NewConnectionError('<urllib3.connection.HTTPSConnection object at 0x74393a19aa50>: Failed to establish a new connection: [Errno 113] No route to host')': /?query_id=eaf669ad-3549-41fd-b46a-89812ad23b65
[2026-02-15T06:20:58.356+0000] {subprocess.py:93} INFO - 2026-02-15 06:20:58,355 | WARNING  | Unexpected Http Driver Exception
[2026-02-15T06:20:58.356+0000] {subprocess.py:93} INFO - Traceback (most recent call last):
[2026-02-15T06:20:58.356+0000] {subprocess.py:93} INFO -   File "/home/***/.local/lib/python3.11/site-packages/urllib3/connection.py", line 203, in _new_conn
[2026-02-15T06:20:58.356+0000] {subprocess.py:93} INFO -     sock = connection.create_connection(
[2026-02-15T06:20:58.357+0000] {subprocess.py:93} INFO -            ^^^^^^^^^^^^^^^^^^^^^^^^^^^^^
[2026-02-15T06:20:58.357+0000] {subprocess.py:93} INFO -   File "/home/***/.local/lib/python3.11/site-packages/urllib3/util/connection.py", line 85, in create_connection
[2026-02-15T06:20:58.357+0000] {subprocess.py:93} INFO -     raise err
[2026-02-15T06:20:58.357+0000] {subprocess.py:93} INFO -   File "/home/***/.local/lib/python3.11/site-packages/urllib3/util/connection.py", line 73, in create_connection
[2026-02-15T06:20:58.358+0000] {subprocess.py:93} INFO -     sock.connect(sa)
[2026-02-15T06:20:58.358+0000] {subprocess.py:93} INFO - OSError: [Errno 113] No route to host
[2026-02-15T06:20:58.358+0000] {subprocess.py:93} INFO - 
[2026-02-15T06:20:58.358+0000] {subprocess.py:93} INFO - The above exception was the direct cause of the following exception:
[2026-02-15T06:20:58.359+0000] {subprocess.py:93} INFO - 
[2026-02-15T06:20:58.359+0000] {subprocess.py:93} INFO - Traceback (most recent call last):
[2026-02-15T06:20:58.359+0000] {subprocess.py:93} INFO -   File "/home/***/.local/lib/python3.11/site-packages/urllib3/connectionpool.py", line 791, in urlopen
[2026-02-15T06:20:58.359+0000] {subprocess.py:93} INFO -     response = self._make_request(
[2026-02-15T06:20:58.359+0000] {subprocess.py:93} INFO -                ^^^^^^^^^^^^^^^^^^^
[2026-02-15T06:20:58.360+0000] {subprocess.py:93} INFO -   File "/home/***/.local/lib/python3.11/site-packages/urllib3/connectionpool.py", line 492, in _make_request
[2026-02-15T06:20:58.360+0000] {subprocess.py:93} INFO -     raise new_e
[2026-02-15T06:20:58.360+0000] {subprocess.py:93} INFO -   File "/home/***/.local/lib/python3.11/site-packages/urllib3/connectionpool.py", line 468, in _make_request
[2026-02-15T06:20:58.360+0000] {subprocess.py:93} INFO -     self._validate_conn(conn)
[2026-02-15T06:20:58.360+0000] {subprocess.py:93} INFO -   File "/home/***/.local/lib/python3.11/site-packages/urllib3/connectionpool.py", line 1097, in _validate_conn
[2026-02-15T06:20:58.361+0000] {subprocess.py:93} INFO -     conn.connect()
[2026-02-15T06:20:58.361+0000] {subprocess.py:93} INFO -   File "/home/***/.local/lib/python3.11/site-packages/urllib3/connection.py", line 611, in connect
[2026-02-15T06:20:58.361+0000] {subprocess.py:93} INFO -     self.sock = sock = self._new_conn()
[2026-02-15T06:20:58.361+0000] {subprocess.py:93} INFO -                        ^^^^^^^^^^^^^^^^
[2026-02-15T06:20:58.361+0000] {subprocess.py:93} INFO -   File "/home/***/.local/lib/python3.11/site-packages/urllib3/connection.py", line 218, in _new_conn
[2026-02-15T06:20:58.362+0000] {subprocess.py:93} INFO -     raise NewConnectionError(
[2026-02-15T06:20:58.362+0000] {subprocess.py:93} INFO - urllib3.exceptions.NewConnectionError: <urllib3.connection.HTTPSConnection object at 0x743939fa4490>: Failed to establish a new connection: [Errno 113] No route to host
[2026-02-15T06:20:58.362+0000] {subprocess.py:93} INFO - 
[2026-02-15T06:20:58.362+0000] {subprocess.py:93} INFO - The above exception was the direct cause of the following exception:
[2026-02-15T06:20:58.362+0000] {subprocess.py:93} INFO - 
[2026-02-15T06:20:58.363+0000] {subprocess.py:93} INFO - Traceback (most recent call last):
[2026-02-15T06:20:58.363+0000] {subprocess.py:93} INFO -   File "/home/***/.local/lib/python3.11/site-packages/clickhouse_connect/driver/httpclient.py", line 542, in _raw_request
[2026-02-15T06:20:58.363+0000] {subprocess.py:93} INFO -     response = self.http.request(method, url, **kwargs)
[2026-02-15T06:20:58.363+0000] {subprocess.py:93} INFO -                ^^^^^^^^^^^^^^^^^^^^^^^^^^^^^^^^^^^^^^^^
[2026-02-15T06:20:58.363+0000] {subprocess.py:93} INFO -   File "/home/***/.local/lib/python3.11/site-packages/urllib3/_request_methods.py", line 118, in request
[2026-02-15T06:20:58.364+0000] {subprocess.py:93} INFO -     return self.request_encode_body(
[2026-02-15T06:20:58.364+0000] {subprocess.py:93} INFO -            ^^^^^^^^^^^^^^^^^^^^^^^^^
[2026-02-15T06:20:58.364+0000] {subprocess.py:93} INFO -   File "/home/***/.local/lib/python3.11/site-packages/urllib3/_request_methods.py", line 217, in request_encode_body
[2026-02-15T06:20:58.364+0000] {subprocess.py:93} INFO -     return self.urlopen(method, url, **extra_kw)
[2026-02-15T06:20:58.365+0000] {subprocess.py:93} INFO -            ^^^^^^^^^^^^^^^^^^^^^^^^^^^^^^^^^^^^^
[2026-02-15T06:20:58.365+0000] {subprocess.py:93} INFO -   File "/home/***/.local/lib/python3.11/site-packages/urllib3/poolmanager.py", line 443, in urlopen
[2026-02-15T06:20:58.365+0000] {subprocess.py:93} INFO -     response = conn.urlopen(method, u.request_uri, **kw)
[2026-02-15T06:20:58.365+0000] {subprocess.py:93} INFO -                ^^^^^^^^^^^^^^^^^^^^^^^^^^^^^^^^^^^^^^^^^
[2026-02-15T06:20:58.365+0000] {subprocess.py:93} INFO -   File "/home/***/.local/lib/python3.11/site-packages/urllib3/connectionpool.py", line 875, in urlopen
[2026-02-15T06:20:58.366+0000] {subprocess.py:93} INFO -     return self.urlopen(
[2026-02-15T06:20:58.366+0000] {subprocess.py:93} INFO -            ^^^^^^^^^^^^^
[2026-02-15T06:20:58.366+0000] {subprocess.py:93} INFO -   File "/home/***/.local/lib/python3.11/site-packages/urllib3/connectionpool.py", line 845, in urlopen
[2026-02-15T06:20:58.366+0000] {subprocess.py:93} INFO -     retries = retries.increment(
[2026-02-15T06:20:58.366+0000] {subprocess.py:93} INFO -               ^^^^^^^^^^^^^^^^^^
[2026-02-15T06:20:58.367+0000] {subprocess.py:93} INFO -   File "/home/***/.local/lib/python3.11/site-packages/urllib3/util/retry.py", line 515, in increment
[2026-02-15T06:20:58.367+0000] {subprocess.py:93} INFO -     raise MaxRetryError(_pool, url, reason) from reason  # type: ignore[arg-type]
[2026-02-15T06:20:58.367+0000] {subprocess.py:93} INFO -     ^^^^^^^^^^^^^^^^^^^^^^^^^^^^^^^^^^^^^^^^^^^^^^^^^^^
[2026-02-15T06:20:58.367+0000] {subprocess.py:93} INFO - urllib3.exceptions.MaxRetryError: HTTPSConnectionPool(host='ch-prod-green.callcourier.com.pk', port=443): Max retries exceeded with url: /?query_id=eaf669ad-3549-41fd-b46a-89812ad23b65 (Caused by NewConnectionError('<urllib3.connection.HTTPSConnection object at 0x743939fa4490>: Failed to establish a new connection: [Errno 113] No route to host'))
[2026-02-15T06:20:58.367+0000] {subprocess.py:93} INFO - 
[2026-02-15T06:20:58.368+0000] {subprocess.py:93} INFO - The above exception was the direct cause of the following exception:
[2026-02-15T06:20:58.368+0000] {subprocess.py:93} INFO - 
[2026-02-15T06:20:58.368+0000] {subprocess.py:93} INFO - Traceback (most recent call last):
[2026-02-15T06:20:58.368+0000] {subprocess.py:93} INFO -   File "/opt/***/scripts/script.py", line 302, in <module>
[2026-02-15T06:20:58.368+0000] {subprocess.py:93} INFO -     App().run()
[2026-02-15T06:20:58.369+0000] {subprocess.py:93} INFO -   File "/opt/***/scripts/script.py", line 287, in run
[2026-02-15T06:20:58.369+0000] {subprocess.py:93} INFO -     ch_tables = ClickHouseClient(config).fetch_tables()
[2026-02-15T06:20:58.369+0000] {subprocess.py:93} INFO -                 ^^^^^^^^^^^^^^^^^^^^^^^^
[2026-02-15T06:20:58.369+0000] {subprocess.py:93} INFO -   File "/opt/***/scripts/script.py", line 114, in __init__
[2026-02-15T06:20:58.370+0000] {subprocess.py:93} INFO -     self.client = clickhouse_connect.get_client(
[2026-02-15T06:20:58.370+0000] {subprocess.py:93} INFO -                   ^^^^^^^^^^^^^^^^^^^^^^^^^^^^^^
[2026-02-15T06:20:58.370+0000] {subprocess.py:93} INFO -   File "/home/***/.local/lib/python3.11/site-packages/clickhouse_connect/driver/__init__.py", line 130, in create_client
[2026-02-15T06:20:58.370+0000] {subprocess.py:93} INFO -     return HttpClient(interface, host, port, username, password, database, access_token,
[2026-02-15T06:20:58.370+0000] {subprocess.py:93} INFO -            ^^^^^^^^^^^^^^^^^^^^^^^^^^^^^^^^^^^^^^^^^^^^^^^^^^^^^^^^^^^^^^^^^^^^^^^^^^^^^
[2026-02-15T06:20:58.371+0000] {subprocess.py:93} INFO -   File "/home/***/.local/lib/python3.11/site-packages/clickhouse_connect/driver/httpclient.py", line 182, in __init__
[2026-02-15T06:20:58.371+0000] {subprocess.py:93} INFO -     super().__init__(database=database,
[2026-02-15T06:20:58.371+0000] {subprocess.py:93} INFO -   File "/home/***/.local/lib/python3.11/site-packages/clickhouse_connect/driver/client.py", line 99, in __init__
[2026-02-15T06:20:58.371+0000] {subprocess.py:93} INFO -     self._init_common_settings(apply_server_timezone)
[2026-02-15T06:20:58.371+0000] {subprocess.py:93} INFO -   File "/home/***/.local/lib/python3.11/site-packages/clickhouse_connect/driver/client.py", line 104, in _init_common_settings
[2026-02-15T06:20:58.372+0000] {subprocess.py:93} INFO -     tuple(self.command('SELECT version(), timezone()', use_database=False))
[2026-02-15T06:20:58.372+0000] {subprocess.py:93} INFO -           ^^^^^^^^^^^^^^^^^^^^^^^^^^^^^^^^^^^^^^^^^^^^^^^^^^^^^^^^^^^^^^^^
[2026-02-15T06:20:58.372+0000] {subprocess.py:93} INFO -   File "/home/***/.local/lib/python3.11/site-packages/clickhouse_connect/driver/httpclient.py", line 428, in command
[2026-02-15T06:20:58.372+0000] {subprocess.py:93} INFO -     response = self._raw_request(payload, params, headers, method, fields=fields, server_wait=False)
[2026-02-15T06:20:58.372+0000] {subprocess.py:93} INFO -                ^^^^^^^^^^^^^^^^^^^^^^^^^^^^^^^^^^^^^^^^^^^^^^^^^^^^^^^^^^^^^^^^^^^^^^^^^^^^^^^^^^^^^
[2026-02-15T06:20:58.373+0000] {subprocess.py:93} INFO -   File "/home/***/.local/lib/python3.11/site-packages/clickhouse_connect/driver/httpclient.py", line 554, in _raw_request
[2026-02-15T06:20:58.373+0000] {subprocess.py:93} INFO -     raise OperationalError(f'Error {ex} executing HTTP request attempt {attempts}{err_url}') from ex
[2026-02-15T06:20:58.373+0000] {subprocess.py:93} INFO - clickhouse_connect.driver.exceptions.OperationalError: Error HTTPSConnectionPool(host='ch-prod-green.callcourier.com.pk', port=443): Max retries exceeded with url: /?query_id=eaf669ad-3549-41fd-b46a-89812ad23b65 (Caused by NewConnectionError('<urllib3.connection.HTTPSConnection object at 0x743939fa4490>: Failed to establish a new connection: [Errno 113] No route to host')) executing HTTP request attempt 1 (https://ch-prod-green.callcourier.com.pk:443)
[2026-02-15T06:20:58.485+0000] {subprocess.py:97} INFO - Command exited with return code 1
[2026-02-15T06:20:58.501+0000] {taskinstance.py:2698} ERROR - Task failed with exception
Traceback (most recent call last):
  File "/home/airflow/.local/lib/python3.11/site-packages/airflow/models/taskinstance.py", line 433, in _execute_task
    result = execute_callable(context=context, **execute_callable_kwargs)
             ^^^^^^^^^^^^^^^^^^^^^^^^^^^^^^^^^^^^^^^^^^^^^^^^^^^^^^^^^^^^
  File "/home/airflow/.local/lib/python3.11/site-packages/airflow/operators/bash.py", line 212, in execute
    raise AirflowException(
airflow.exceptions.AirflowException: Bash command failed. The command returned a non-zero exit code 1.
[2026-02-15T06:20:58.505+0000] {taskinstance.py:1138} INFO - Marking task as FAILED. dag_id=run_python_script_15min, task_id=run_script_with_bash, execution_date=20260215T060000, start_date=20260215T062030, end_date=20260215T062058
[2026-02-15T06:20:58.520+0000] {standard_task_runner.py:107} ERROR - Failed to execute job 24 for task run_script_with_bash (Bash command failed. The command returned a non-zero exit code 1.; 5596)
[2026-02-15T06:20:58.528+0000] {local_task_job_runner.py:234} INFO - Task exited with return code 1
[2026-02-15T06:20:58.546+0000] {taskinstance.py:3280} INFO - 0 downstream tasks scheduled from follow-on schedule check
