[2026-02-15T05:30:00.693+0000] {taskinstance.py:1956} INFO - Dependencies all met for dep_context=non-requeueable deps ti=<TaskInstance: run_python_script_15min.run_script_with_bash scheduled__2026-02-15T05:15:00+00:00 [queued]>
[2026-02-15T05:30:00.703+0000] {taskinstance.py:1956} INFO - Dependencies all met for dep_context=requeueable deps ti=<TaskInstance: run_python_script_15min.run_script_with_bash scheduled__2026-02-15T05:15:00+00:00 [queued]>
[2026-02-15T05:30:00.704+0000] {taskinstance.py:2170} INFO - Starting attempt 1 of 2
[2026-02-15T05:30:00.717+0000] {taskinstance.py:2191} INFO - Executing <Task(BashOperator): run_script_with_bash> on 2026-02-15 05:15:00+00:00
[2026-02-15T05:30:00.723+0000] {standard_task_runner.py:60} INFO - Started process 4311 to run task
[2026-02-15T05:30:00.728+0000] {standard_task_runner.py:87} INFO - Running: ['***', 'tasks', 'run', 'run_python_script_15min', 'run_script_with_bash', 'scheduled__2026-02-15T05:15:00+00:00', '--job-id', '17', '--raw', '--subdir', 'DAGS_FOLDER/check_lag_dag.py', '--cfg-path', '/tmp/tmprh60uqoy']
[2026-02-15T05:30:00.731+0000] {standard_task_runner.py:88} INFO - Job 17: Subtask run_script_with_bash
[2026-02-15T05:30:00.790+0000] {task_command.py:423} INFO - Running <TaskInstance: run_python_script_15min.run_script_with_bash scheduled__2026-02-15T05:15:00+00:00 [running]> on host 04d0e842fa95
[2026-02-15T05:30:00.885+0000] {taskinstance.py:2480} INFO - Exporting env vars: AIRFLOW_CTX_DAG_OWNER='***' AIRFLOW_CTX_DAG_ID='run_python_script_15min' AIRFLOW_CTX_TASK_ID='run_script_with_bash' AIRFLOW_CTX_EXECUTION_DATE='2026-02-15T05:15:00+00:00' AIRFLOW_CTX_TRY_NUMBER='1' AIRFLOW_CTX_DAG_RUN_ID='scheduled__2026-02-15T05:15:00+00:00'
[2026-02-15T05:30:00.886+0000] {subprocess.py:63} INFO - Tmp dir root location: /tmp
[2026-02-15T05:30:00.887+0000] {subprocess.py:75} INFO - Running command: ['/usr/bin/bash', '-c', 'cd /opt/***/scripts && pip install -q -r requirements.txt && python script.py']
[2026-02-15T05:30:00.900+0000] {subprocess.py:86} INFO - Output:
[2026-02-15T05:30:04.937+0000] {subprocess.py:93} INFO - 
[2026-02-15T05:30:04.938+0000] {subprocess.py:93} INFO - [notice] A new release of pip is available: 23.3.2 -> 26.0.1
[2026-02-15T05:30:04.938+0000] {subprocess.py:93} INFO - [notice] To update, run: python -m pip install --upgrade pip
[2026-02-15T05:30:05.982+0000] {subprocess.py:93} INFO - 2026-02-15 05:30:05,982 | INFO     | Running for ðŸ”µ Blue Environment
[2026-02-15T05:30:20.968+0000] {subprocess.py:93} INFO - ClickHouse [ch-new.callcourier.com.pk]:   0%|          | 0/161 [00:00<?, ?it/s]ClickHouse [ch-new.callcourier.com.pk]:  12%|â–ˆâ–        | 19/161 [00:00<00:00, 179.70it/s]ClickHouse [ch-new.callcourier.com.pk]:  43%|â–ˆâ–ˆâ–ˆâ–ˆâ–Ž     | 70/161 [00:00<00:00, 365.04it/s]ClickHouse [ch-new.callcourier.com.pk]:  66%|â–ˆâ–ˆâ–ˆâ–ˆâ–ˆâ–ˆâ–‹   | 107/161 [00:13<00:08,  6.31it/s]ClickHouse [ch-new.callcourier.com.pk]:  72%|â–ˆâ–ˆâ–ˆâ–ˆâ–ˆâ–ˆâ–ˆâ–  | 116/161 [00:13<00:06,  7.17it/s]ClickHouse [ch-new.callcourier.com.pk]:  86%|â–ˆâ–ˆâ–ˆâ–ˆâ–ˆâ–ˆâ–ˆâ–ˆâ–‹ | 139/161 [00:14<00:02,  8.76it/s]ClickHouse [ch-new.callcourier.com.pk]: 100%|â–ˆâ–ˆâ–ˆâ–ˆâ–ˆâ–ˆâ–ˆâ–ˆâ–ˆâ–ˆ| 161/161 [00:14<00:00, 10.95it/s]
[2026-02-15T05:30:21.428+0000] {subprocess.py:93} INFO - 2026-02-15 05:30:21,428 | INFO     | CSV written: /opt/***/scripts/output/files/table_comparison__blue_environment.csv
[2026-02-15T05:30:21.428+0000] {subprocess.py:93} INFO - 2026-02-15 05:30:21,428 | INFO     | Running for ðŸŸ¢ Green Environment
[2026-02-15T05:30:31.539+0000] {subprocess.py:93} INFO - 2026-02-15 05:30:31,539 | WARNING  | Retrying (Retry(total=0, connect=None, read=None, redirect=0, status=None)) after connection broken by 'ConnectTimeoutError(<urllib3.connection.HTTPSConnection object at 0x7f823d069850>, 'Connection to ch-prod-green.callcourier.com.pk timed out. (connect timeout=10)')': /?query_id=db751e57-9928-440a-af1e-6c18d633b8ac
[2026-02-15T05:30:34.740+0000] {subprocess.py:93} INFO - 2026-02-15 05:30:34,739 | WARNING  | Unexpected Http Driver Exception
[2026-02-15T05:30:34.740+0000] {subprocess.py:93} INFO - Traceback (most recent call last):
[2026-02-15T05:30:34.740+0000] {subprocess.py:93} INFO -   File "/home/***/.local/lib/python3.11/site-packages/urllib3/connection.py", line 203, in _new_conn
[2026-02-15T05:30:34.741+0000] {subprocess.py:93} INFO -     sock = connection.create_connection(
[2026-02-15T05:30:34.741+0000] {subprocess.py:93} INFO -            ^^^^^^^^^^^^^^^^^^^^^^^^^^^^^
[2026-02-15T05:30:34.741+0000] {subprocess.py:93} INFO -   File "/home/***/.local/lib/python3.11/site-packages/urllib3/util/connection.py", line 85, in create_connection
[2026-02-15T05:30:34.741+0000] {subprocess.py:93} INFO -     raise err
[2026-02-15T05:30:34.742+0000] {subprocess.py:93} INFO -   File "/home/***/.local/lib/python3.11/site-packages/urllib3/util/connection.py", line 73, in create_connection
[2026-02-15T05:30:34.742+0000] {subprocess.py:93} INFO -     sock.connect(sa)
[2026-02-15T05:30:34.742+0000] {subprocess.py:93} INFO - OSError: [Errno 113] No route to host
[2026-02-15T05:30:34.742+0000] {subprocess.py:93} INFO - 
[2026-02-15T05:30:34.743+0000] {subprocess.py:93} INFO - The above exception was the direct cause of the following exception:
[2026-02-15T05:30:34.743+0000] {subprocess.py:93} INFO - 
[2026-02-15T05:30:34.743+0000] {subprocess.py:93} INFO - Traceback (most recent call last):
[2026-02-15T05:30:34.743+0000] {subprocess.py:93} INFO -   File "/home/***/.local/lib/python3.11/site-packages/urllib3/connectionpool.py", line 791, in urlopen
[2026-02-15T05:30:34.744+0000] {subprocess.py:93} INFO -     response = self._make_request(
[2026-02-15T05:30:34.744+0000] {subprocess.py:93} INFO -                ^^^^^^^^^^^^^^^^^^^
[2026-02-15T05:30:34.744+0000] {subprocess.py:93} INFO -   File "/home/***/.local/lib/python3.11/site-packages/urllib3/connectionpool.py", line 492, in _make_request
[2026-02-15T05:30:34.744+0000] {subprocess.py:93} INFO -     raise new_e
[2026-02-15T05:30:34.744+0000] {subprocess.py:93} INFO -   File "/home/***/.local/lib/python3.11/site-packages/urllib3/connectionpool.py", line 468, in _make_request
[2026-02-15T05:30:34.745+0000] {subprocess.py:93} INFO -     self._validate_conn(conn)
[2026-02-15T05:30:34.745+0000] {subprocess.py:93} INFO -   File "/home/***/.local/lib/python3.11/site-packages/urllib3/connectionpool.py", line 1097, in _validate_conn
[2026-02-15T05:30:34.745+0000] {subprocess.py:93} INFO -     conn.connect()
[2026-02-15T05:30:34.745+0000] {subprocess.py:93} INFO -   File "/home/***/.local/lib/python3.11/site-packages/urllib3/connection.py", line 611, in connect
[2026-02-15T05:30:34.746+0000] {subprocess.py:93} INFO -     self.sock = sock = self._new_conn()
[2026-02-15T05:30:34.746+0000] {subprocess.py:93} INFO -                        ^^^^^^^^^^^^^^^^
[2026-02-15T05:30:34.746+0000] {subprocess.py:93} INFO -   File "/home/***/.local/lib/python3.11/site-packages/urllib3/connection.py", line 218, in _new_conn
[2026-02-15T05:30:34.746+0000] {subprocess.py:93} INFO -     raise NewConnectionError(
[2026-02-15T05:30:34.747+0000] {subprocess.py:93} INFO - urllib3.exceptions.NewConnectionError: <urllib3.connection.HTTPSConnection object at 0x7f823d08cc10>: Failed to establish a new connection: [Errno 113] No route to host
[2026-02-15T05:30:34.747+0000] {subprocess.py:93} INFO - 
[2026-02-15T05:30:34.747+0000] {subprocess.py:93} INFO - The above exception was the direct cause of the following exception:
[2026-02-15T05:30:34.747+0000] {subprocess.py:93} INFO - 
[2026-02-15T05:30:34.747+0000] {subprocess.py:93} INFO - Traceback (most recent call last):
[2026-02-15T05:30:34.748+0000] {subprocess.py:93} INFO -   File "/home/***/.local/lib/python3.11/site-packages/clickhouse_connect/driver/httpclient.py", line 542, in _raw_request
[2026-02-15T05:30:34.748+0000] {subprocess.py:93} INFO -     response = self.http.request(method, url, **kwargs)
[2026-02-15T05:30:34.748+0000] {subprocess.py:93} INFO -                ^^^^^^^^^^^^^^^^^^^^^^^^^^^^^^^^^^^^^^^^
[2026-02-15T05:30:34.748+0000] {subprocess.py:93} INFO -   File "/home/***/.local/lib/python3.11/site-packages/urllib3/_request_methods.py", line 118, in request
[2026-02-15T05:30:34.749+0000] {subprocess.py:93} INFO -     return self.request_encode_body(
[2026-02-15T05:30:34.749+0000] {subprocess.py:93} INFO -            ^^^^^^^^^^^^^^^^^^^^^^^^^
[2026-02-15T05:30:34.749+0000] {subprocess.py:93} INFO -   File "/home/***/.local/lib/python3.11/site-packages/urllib3/_request_methods.py", line 217, in request_encode_body
[2026-02-15T05:30:34.749+0000] {subprocess.py:93} INFO -     return self.urlopen(method, url, **extra_kw)
[2026-02-15T05:30:34.750+0000] {subprocess.py:93} INFO -            ^^^^^^^^^^^^^^^^^^^^^^^^^^^^^^^^^^^^^
[2026-02-15T05:30:34.750+0000] {subprocess.py:93} INFO -   File "/home/***/.local/lib/python3.11/site-packages/urllib3/poolmanager.py", line 443, in urlopen
[2026-02-15T05:30:34.750+0000] {subprocess.py:93} INFO -     response = conn.urlopen(method, u.request_uri, **kw)
[2026-02-15T05:30:34.750+0000] {subprocess.py:93} INFO -                ^^^^^^^^^^^^^^^^^^^^^^^^^^^^^^^^^^^^^^^^^
[2026-02-15T05:30:34.750+0000] {subprocess.py:93} INFO -   File "/home/***/.local/lib/python3.11/site-packages/urllib3/connectionpool.py", line 875, in urlopen
[2026-02-15T05:30:34.751+0000] {subprocess.py:93} INFO -     return self.urlopen(
[2026-02-15T05:30:34.751+0000] {subprocess.py:93} INFO -            ^^^^^^^^^^^^^
[2026-02-15T05:30:34.751+0000] {subprocess.py:93} INFO -   File "/home/***/.local/lib/python3.11/site-packages/urllib3/connectionpool.py", line 845, in urlopen
[2026-02-15T05:30:34.751+0000] {subprocess.py:93} INFO -     retries = retries.increment(
[2026-02-15T05:30:34.752+0000] {subprocess.py:93} INFO -               ^^^^^^^^^^^^^^^^^^
[2026-02-15T05:30:34.752+0000] {subprocess.py:93} INFO -   File "/home/***/.local/lib/python3.11/site-packages/urllib3/util/retry.py", line 515, in increment
[2026-02-15T05:30:34.752+0000] {subprocess.py:93} INFO -     raise MaxRetryError(_pool, url, reason) from reason  # type: ignore[arg-type]
[2026-02-15T05:30:34.752+0000] {subprocess.py:93} INFO -     ^^^^^^^^^^^^^^^^^^^^^^^^^^^^^^^^^^^^^^^^^^^^^^^^^^^
[2026-02-15T05:30:34.752+0000] {subprocess.py:93} INFO - urllib3.exceptions.MaxRetryError: HTTPSConnectionPool(host='ch-prod-green.callcourier.com.pk', port=443): Max retries exceeded with url: /?query_id=db751e57-9928-440a-af1e-6c18d633b8ac (Caused by NewConnectionError('<urllib3.connection.HTTPSConnection object at 0x7f823d08cc10>: Failed to establish a new connection: [Errno 113] No route to host'))
[2026-02-15T05:30:34.753+0000] {subprocess.py:93} INFO - 
[2026-02-15T05:30:34.753+0000] {subprocess.py:93} INFO - The above exception was the direct cause of the following exception:
[2026-02-15T05:30:34.753+0000] {subprocess.py:93} INFO - 
[2026-02-15T05:30:34.753+0000] {subprocess.py:93} INFO - Traceback (most recent call last):
[2026-02-15T05:30:34.754+0000] {subprocess.py:93} INFO -   File "/opt/***/scripts/script.py", line 302, in <module>
[2026-02-15T05:30:34.754+0000] {subprocess.py:93} INFO -     App().run()
[2026-02-15T05:30:34.754+0000] {subprocess.py:93} INFO -   File "/opt/***/scripts/script.py", line 287, in run
[2026-02-15T05:30:34.754+0000] {subprocess.py:93} INFO -     ch_tables = ClickHouseClient(config).fetch_tables()
[2026-02-15T05:30:34.755+0000] {subprocess.py:93} INFO -                 ^^^^^^^^^^^^^^^^^^^^^^^^
[2026-02-15T05:30:34.755+0000] {subprocess.py:93} INFO -   File "/opt/***/scripts/script.py", line 114, in __init__
[2026-02-15T05:30:34.755+0000] {subprocess.py:93} INFO -     self.client = clickhouse_connect.get_client(
[2026-02-15T05:30:34.755+0000] {subprocess.py:93} INFO -                   ^^^^^^^^^^^^^^^^^^^^^^^^^^^^^^
[2026-02-15T05:30:34.755+0000] {subprocess.py:93} INFO -   File "/home/***/.local/lib/python3.11/site-packages/clickhouse_connect/driver/__init__.py", line 130, in create_client
[2026-02-15T05:30:34.756+0000] {subprocess.py:93} INFO -     return HttpClient(interface, host, port, username, password, database, access_token,
[2026-02-15T05:30:34.756+0000] {subprocess.py:93} INFO -            ^^^^^^^^^^^^^^^^^^^^^^^^^^^^^^^^^^^^^^^^^^^^^^^^^^^^^^^^^^^^^^^^^^^^^^^^^^^^^
[2026-02-15T05:30:34.756+0000] {subprocess.py:93} INFO -   File "/home/***/.local/lib/python3.11/site-packages/clickhouse_connect/driver/httpclient.py", line 182, in __init__
[2026-02-15T05:30:34.756+0000] {subprocess.py:93} INFO -     super().__init__(database=database,
[2026-02-15T05:30:34.757+0000] {subprocess.py:93} INFO -   File "/home/***/.local/lib/python3.11/site-packages/clickhouse_connect/driver/client.py", line 99, in __init__
[2026-02-15T05:30:34.757+0000] {subprocess.py:93} INFO -     self._init_common_settings(apply_server_timezone)
[2026-02-15T05:30:34.757+0000] {subprocess.py:93} INFO -   File "/home/***/.local/lib/python3.11/site-packages/clickhouse_connect/driver/client.py", line 104, in _init_common_settings
[2026-02-15T05:30:34.757+0000] {subprocess.py:93} INFO -     tuple(self.command('SELECT version(), timezone()', use_database=False))
[2026-02-15T05:30:34.758+0000] {subprocess.py:93} INFO -           ^^^^^^^^^^^^^^^^^^^^^^^^^^^^^^^^^^^^^^^^^^^^^^^^^^^^^^^^^^^^^^^^
[2026-02-15T05:30:34.758+0000] {subprocess.py:93} INFO -   File "/home/***/.local/lib/python3.11/site-packages/clickhouse_connect/driver/httpclient.py", line 428, in command
[2026-02-15T05:30:34.758+0000] {subprocess.py:93} INFO -     response = self._raw_request(payload, params, headers, method, fields=fields, server_wait=False)
[2026-02-15T05:30:34.758+0000] {subprocess.py:93} INFO -                ^^^^^^^^^^^^^^^^^^^^^^^^^^^^^^^^^^^^^^^^^^^^^^^^^^^^^^^^^^^^^^^^^^^^^^^^^^^^^^^^^^^^^
[2026-02-15T05:30:34.758+0000] {subprocess.py:93} INFO -   File "/home/***/.local/lib/python3.11/site-packages/clickhouse_connect/driver/httpclient.py", line 554, in _raw_request
[2026-02-15T05:30:34.759+0000] {subprocess.py:93} INFO -     raise OperationalError(f'Error {ex} executing HTTP request attempt {attempts}{err_url}') from ex
[2026-02-15T05:30:34.759+0000] {subprocess.py:93} INFO - clickhouse_connect.driver.exceptions.OperationalError: Error HTTPSConnectionPool(host='ch-prod-green.callcourier.com.pk', port=443): Max retries exceeded with url: /?query_id=db751e57-9928-440a-af1e-6c18d633b8ac (Caused by NewConnectionError('<urllib3.connection.HTTPSConnection object at 0x7f823d08cc10>: Failed to establish a new connection: [Errno 113] No route to host')) executing HTTP request attempt 1 (https://ch-prod-green.callcourier.com.pk:443)
[2026-02-15T05:30:34.859+0000] {subprocess.py:97} INFO - Command exited with return code 1
[2026-02-15T05:30:34.874+0000] {taskinstance.py:2698} ERROR - Task failed with exception
Traceback (most recent call last):
  File "/home/airflow/.local/lib/python3.11/site-packages/airflow/models/taskinstance.py", line 433, in _execute_task
    result = execute_callable(context=context, **execute_callable_kwargs)
             ^^^^^^^^^^^^^^^^^^^^^^^^^^^^^^^^^^^^^^^^^^^^^^^^^^^^^^^^^^^^
  File "/home/airflow/.local/lib/python3.11/site-packages/airflow/operators/bash.py", line 212, in execute
    raise AirflowException(
airflow.exceptions.AirflowException: Bash command failed. The command returned a non-zero exit code 1.
[2026-02-15T05:30:34.879+0000] {taskinstance.py:1138} INFO - Marking task as UP_FOR_RETRY. dag_id=run_python_script_15min, task_id=run_script_with_bash, execution_date=20260215T051500, start_date=20260215T053000, end_date=20260215T053034
[2026-02-15T05:30:34.895+0000] {standard_task_runner.py:107} ERROR - Failed to execute job 17 for task run_script_with_bash (Bash command failed. The command returned a non-zero exit code 1.; 4311)
[2026-02-15T05:30:34.916+0000] {local_task_job_runner.py:234} INFO - Task exited with return code 1
[2026-02-15T05:30:34.937+0000] {taskinstance.py:3280} INFO - 0 downstream tasks scheduled from follow-on schedule check
