[2026-02-18T15:21:04.410+0000] {taskinstance.py:1956} INFO - Dependencies all met for dep_context=non-requeueable deps ti=<TaskInstance: run_python_script_15min.run_script_with_bash scheduled__2026-02-18T15:00:00+00:00 [queued]>
[2026-02-18T15:21:04.419+0000] {taskinstance.py:1956} INFO - Dependencies all met for dep_context=requeueable deps ti=<TaskInstance: run_python_script_15min.run_script_with_bash scheduled__2026-02-18T15:00:00+00:00 [queued]>
[2026-02-18T15:21:04.420+0000] {taskinstance.py:2170} INFO - Starting attempt 2 of 2
[2026-02-18T15:21:04.434+0000] {taskinstance.py:2191} INFO - Executing <Task(BashOperator): run_script_with_bash> on 2026-02-18 15:00:00+00:00
[2026-02-18T15:21:04.441+0000] {standard_task_runner.py:60} INFO - Started process 3383 to run task
[2026-02-18T15:21:04.446+0000] {standard_task_runner.py:87} INFO - Running: ['***', 'tasks', 'run', 'run_python_script_15min', 'run_script_with_bash', 'scheduled__2026-02-18T15:00:00+00:00', '--job-id', '21', '--raw', '--subdir', 'DAGS_FOLDER/check_lag_dag.py', '--cfg-path', '/tmp/tmpbzc3ku6s']
[2026-02-18T15:21:04.449+0000] {standard_task_runner.py:88} INFO - Job 21: Subtask run_script_with_bash
[2026-02-18T15:21:04.510+0000] {task_command.py:423} INFO - Running <TaskInstance: run_python_script_15min.run_script_with_bash scheduled__2026-02-18T15:00:00+00:00 [running]> on host d47ca292ab05
[2026-02-18T15:21:04.595+0000] {taskinstance.py:2480} INFO - Exporting env vars: AIRFLOW_CTX_DAG_OWNER='***' AIRFLOW_CTX_DAG_ID='run_python_script_15min' AIRFLOW_CTX_TASK_ID='run_script_with_bash' AIRFLOW_CTX_EXECUTION_DATE='2026-02-18T15:00:00+00:00' AIRFLOW_CTX_TRY_NUMBER='2' AIRFLOW_CTX_DAG_RUN_ID='scheduled__2026-02-18T15:00:00+00:00'
[2026-02-18T15:21:04.597+0000] {subprocess.py:63} INFO - Tmp dir root location: /tmp
[2026-02-18T15:21:04.597+0000] {subprocess.py:75} INFO - Running command: ['/usr/bin/bash', '-c', 'cd /opt/***/scripts && pip install -q -r requirements.txt && python script.py']
[2026-02-18T15:21:04.610+0000] {subprocess.py:86} INFO - Output:
[2026-02-18T15:21:08.662+0000] {subprocess.py:93} INFO - 
[2026-02-18T15:21:08.663+0000] {subprocess.py:93} INFO - [notice] A new release of pip is available: 23.3.2 -> 26.0.1
[2026-02-18T15:21:08.663+0000] {subprocess.py:93} INFO - [notice] To update, run: python -m pip install --upgrade pip
[2026-02-18T15:21:09.658+0000] {subprocess.py:93} INFO - 2026-02-18 15:21:09,657 | INFO     | Running for ðŸ”µ Blue Environment
[2026-02-18T15:21:26.124+0000] {subprocess.py:93} INFO - ClickHouse [ch-new.callcourier.com.pk]:   0%|          | 0/185 [00:00<?, ?it/s]ClickHouse [ch-new.callcourier.com.pk]:  12%|â–ˆâ–        | 22/185 [00:00<00:00, 197.47it/s]ClickHouse [ch-new.callcourier.com.pk]:  23%|â–ˆâ–ˆâ–Ž       | 42/185 [00:01<00:05, 25.50it/s] ClickHouse [ch-new.callcourier.com.pk]:  51%|â–ˆâ–ˆâ–ˆâ–ˆâ–ˆ     | 94/185 [00:01<00:01, 71.38it/s]ClickHouse [ch-new.callcourier.com.pk]:  66%|â–ˆâ–ˆâ–ˆâ–ˆâ–ˆâ–ˆâ–Œ   | 122/185 [00:14<00:10,  5.84it/s]ClickHouse [ch-new.callcourier.com.pk]:  74%|â–ˆâ–ˆâ–ˆâ–ˆâ–ˆâ–ˆâ–ˆâ–  | 137/185 [00:14<00:06,  7.26it/s]ClickHouse [ch-new.callcourier.com.pk]:  85%|â–ˆâ–ˆâ–ˆâ–ˆâ–ˆâ–ˆâ–ˆâ–ˆâ–Œ | 158/185 [00:16<00:03,  8.64it/s]ClickHouse [ch-new.callcourier.com.pk]: 100%|â–ˆâ–ˆâ–ˆâ–ˆâ–ˆâ–ˆâ–ˆâ–ˆâ–ˆâ–ˆ| 185/185 [00:16<00:00, 11.37it/s]
[2026-02-18T15:21:27.074+0000] {subprocess.py:93} INFO - 2026-02-18 15:21:27,073 | INFO     | CSV written: /opt/***/scripts/output/files/table_comparison__blue_environment.csv
[2026-02-18T15:21:27.074+0000] {subprocess.py:93} INFO - 2026-02-18 15:21:27,074 | INFO     | Running for ðŸŸ¢ Green Environment
[2026-02-18T15:22:00.144+0000] {subprocess.py:93} INFO - ClickHouse [ch-prod-green.callcourier.com.pk]:   0%|          | 0/185 [00:00<?, ?it/s]ClickHouse [ch-prod-green.callcourier.com.pk]:   4%|â–         | 8/185 [00:00<00:02, 78.07it/s]ClickHouse [ch-prod-green.callcourier.com.pk]:  12%|â–ˆâ–        | 23/185 [00:00<00:01, 102.37it/s]ClickHouse [ch-prod-green.callcourier.com.pk]:  36%|â–ˆâ–ˆâ–ˆâ–Œ      | 67/185 [00:00<00:00, 238.56it/s]ClickHouse [ch-prod-green.callcourier.com.pk]:  56%|â–ˆâ–ˆâ–ˆâ–ˆâ–ˆâ–Œ    | 103/185 [00:01<00:01, 75.62it/s]ClickHouse [ch-prod-green.callcourier.com.pk]:  56%|â–ˆâ–ˆâ–ˆâ–ˆâ–ˆâ–Œ    | 103/185 [00:12<00:01, 75.62it/s]ClickHouse [ch-prod-green.callcourier.com.pk]:  61%|â–ˆâ–ˆâ–ˆâ–ˆâ–ˆâ–ˆ    | 112/185 [00:26<00:30,  2.38it/s]ClickHouse [ch-prod-green.callcourier.com.pk]:  61%|â–ˆâ–ˆâ–ˆâ–ˆâ–ˆâ–ˆ    | 113/185 [00:28<00:31,  2.28it/s]ClickHouse [ch-prod-green.callcourier.com.pk]:  67%|â–ˆâ–ˆâ–ˆâ–ˆâ–ˆâ–ˆâ–‹   | 124/185 [00:31<00:24,  2.51it/s]ClickHouse [ch-prod-green.callcourier.com.pk]:  74%|â–ˆâ–ˆâ–ˆâ–ˆâ–ˆâ–ˆâ–ˆâ–Ž  | 136/185 [00:31<00:14,  3.49it/s]ClickHouse [ch-prod-green.callcourier.com.pk]:  78%|â–ˆâ–ˆâ–ˆâ–ˆâ–ˆâ–ˆâ–ˆâ–Š  | 145/185 [00:32<00:10,  3.92it/s]ClickHouse [ch-prod-green.callcourier.com.pk]: 100%|â–ˆâ–ˆâ–ˆâ–ˆâ–ˆâ–ˆâ–ˆâ–ˆâ–ˆâ–ˆ| 185/185 [00:32<00:00,  5.64it/s]
[2026-02-18T15:22:00.945+0000] {subprocess.py:93} INFO - 2026-02-18 15:22:00,944 | INFO     | CSV written: /opt/***/scripts/output/files/table_comparison__green_environment.csv
[2026-02-18T15:22:00.945+0000] {subprocess.py:93} INFO - 2026-02-18 15:22:00,945 | INFO     | Running for ðŸŸ¡ Yellow Environment
[2026-02-18T15:22:04.126+0000] {subprocess.py:93} INFO - 2026-02-18 15:22:04,126 | WARNING  | Retrying (Retry(total=0, connect=None, read=None, redirect=0, status=None)) after connection broken by 'NewConnectionError('<urllib3.connection.HTTPSConnection object at 0x7bfbd4d71c90>: Failed to establish a new connection: [Errno 113] No route to host')': /?query_id=610084bf-a741-4e4f-a89f-a393f07b6d6b
[2026-02-18T15:22:07.198+0000] {subprocess.py:93} INFO - 2026-02-18 15:22:07,198 | WARNING  | Unexpected Http Driver Exception
[2026-02-18T15:22:07.198+0000] {subprocess.py:93} INFO - Traceback (most recent call last):
[2026-02-18T15:22:07.199+0000] {subprocess.py:93} INFO -   File "/home/***/.local/lib/python3.11/site-packages/urllib3/connection.py", line 203, in _new_conn
[2026-02-18T15:22:07.199+0000] {subprocess.py:93} INFO -     sock = connection.create_connection(
[2026-02-18T15:22:07.199+0000] {subprocess.py:93} INFO -            ^^^^^^^^^^^^^^^^^^^^^^^^^^^^^
[2026-02-18T15:22:07.199+0000] {subprocess.py:93} INFO -   File "/home/***/.local/lib/python3.11/site-packages/urllib3/util/connection.py", line 85, in create_connection
[2026-02-18T15:22:07.200+0000] {subprocess.py:93} INFO -     raise err
[2026-02-18T15:22:07.200+0000] {subprocess.py:93} INFO -   File "/home/***/.local/lib/python3.11/site-packages/urllib3/util/connection.py", line 73, in create_connection
[2026-02-18T15:22:07.200+0000] {subprocess.py:93} INFO -     sock.connect(sa)
[2026-02-18T15:22:07.200+0000] {subprocess.py:93} INFO - OSError: [Errno 113] No route to host
[2026-02-18T15:22:07.201+0000] {subprocess.py:93} INFO - 
[2026-02-18T15:22:07.201+0000] {subprocess.py:93} INFO - The above exception was the direct cause of the following exception:
[2026-02-18T15:22:07.201+0000] {subprocess.py:93} INFO - 
[2026-02-18T15:22:07.201+0000] {subprocess.py:93} INFO - Traceback (most recent call last):
[2026-02-18T15:22:07.201+0000] {subprocess.py:93} INFO -   File "/home/***/.local/lib/python3.11/site-packages/urllib3/connectionpool.py", line 791, in urlopen
[2026-02-18T15:22:07.202+0000] {subprocess.py:93} INFO -     response = self._make_request(
[2026-02-18T15:22:07.202+0000] {subprocess.py:93} INFO -                ^^^^^^^^^^^^^^^^^^^
[2026-02-18T15:22:07.202+0000] {subprocess.py:93} INFO -   File "/home/***/.local/lib/python3.11/site-packages/urllib3/connectionpool.py", line 492, in _make_request
[2026-02-18T15:22:07.202+0000] {subprocess.py:93} INFO -     raise new_e
[2026-02-18T15:22:07.203+0000] {subprocess.py:93} INFO -   File "/home/***/.local/lib/python3.11/site-packages/urllib3/connectionpool.py", line 468, in _make_request
[2026-02-18T15:22:07.203+0000] {subprocess.py:93} INFO -     self._validate_conn(conn)
[2026-02-18T15:22:07.203+0000] {subprocess.py:93} INFO -   File "/home/***/.local/lib/python3.11/site-packages/urllib3/connectionpool.py", line 1097, in _validate_conn
[2026-02-18T15:22:07.203+0000] {subprocess.py:93} INFO -     conn.connect()
[2026-02-18T15:22:07.204+0000] {subprocess.py:93} INFO -   File "/home/***/.local/lib/python3.11/site-packages/urllib3/connection.py", line 611, in connect
[2026-02-18T15:22:07.204+0000] {subprocess.py:93} INFO -     self.sock = sock = self._new_conn()
[2026-02-18T15:22:07.204+0000] {subprocess.py:93} INFO -                        ^^^^^^^^^^^^^^^^
[2026-02-18T15:22:07.204+0000] {subprocess.py:93} INFO -   File "/home/***/.local/lib/python3.11/site-packages/urllib3/connection.py", line 218, in _new_conn
[2026-02-18T15:22:07.205+0000] {subprocess.py:93} INFO -     raise NewConnectionError(
[2026-02-18T15:22:07.205+0000] {subprocess.py:93} INFO - urllib3.exceptions.NewConnectionError: <urllib3.connection.HTTPSConnection object at 0x7bfbd4d70650>: Failed to establish a new connection: [Errno 113] No route to host
[2026-02-18T15:22:07.205+0000] {subprocess.py:93} INFO - 
[2026-02-18T15:22:07.205+0000] {subprocess.py:93} INFO - The above exception was the direct cause of the following exception:
[2026-02-18T15:22:07.206+0000] {subprocess.py:93} INFO - 
[2026-02-18T15:22:07.206+0000] {subprocess.py:93} INFO - Traceback (most recent call last):
[2026-02-18T15:22:07.206+0000] {subprocess.py:93} INFO -   File "/home/***/.local/lib/python3.11/site-packages/clickhouse_connect/driver/httpclient.py", line 542, in _raw_request
[2026-02-18T15:22:07.206+0000] {subprocess.py:93} INFO -     response = self.http.request(method, url, **kwargs)
[2026-02-18T15:22:07.206+0000] {subprocess.py:93} INFO -                ^^^^^^^^^^^^^^^^^^^^^^^^^^^^^^^^^^^^^^^^
[2026-02-18T15:22:07.207+0000] {subprocess.py:93} INFO -   File "/home/***/.local/lib/python3.11/site-packages/urllib3/_request_methods.py", line 118, in request
[2026-02-18T15:22:07.207+0000] {subprocess.py:93} INFO -     return self.request_encode_body(
[2026-02-18T15:22:07.207+0000] {subprocess.py:93} INFO -            ^^^^^^^^^^^^^^^^^^^^^^^^^
[2026-02-18T15:22:07.207+0000] {subprocess.py:93} INFO -   File "/home/***/.local/lib/python3.11/site-packages/urllib3/_request_methods.py", line 217, in request_encode_body
[2026-02-18T15:22:07.207+0000] {subprocess.py:93} INFO -     return self.urlopen(method, url, **extra_kw)
[2026-02-18T15:22:07.208+0000] {subprocess.py:93} INFO -            ^^^^^^^^^^^^^^^^^^^^^^^^^^^^^^^^^^^^^
[2026-02-18T15:22:07.208+0000] {subprocess.py:93} INFO -   File "/home/***/.local/lib/python3.11/site-packages/urllib3/poolmanager.py", line 443, in urlopen
[2026-02-18T15:22:07.208+0000] {subprocess.py:93} INFO -     response = conn.urlopen(method, u.request_uri, **kw)
[2026-02-18T15:22:07.208+0000] {subprocess.py:93} INFO -                ^^^^^^^^^^^^^^^^^^^^^^^^^^^^^^^^^^^^^^^^^
[2026-02-18T15:22:07.208+0000] {subprocess.py:93} INFO -   File "/home/***/.local/lib/python3.11/site-packages/urllib3/connectionpool.py", line 875, in urlopen
[2026-02-18T15:22:07.209+0000] {subprocess.py:93} INFO -     return self.urlopen(
[2026-02-18T15:22:07.209+0000] {subprocess.py:93} INFO -            ^^^^^^^^^^^^^
[2026-02-18T15:22:07.209+0000] {subprocess.py:93} INFO -   File "/home/***/.local/lib/python3.11/site-packages/urllib3/connectionpool.py", line 845, in urlopen
[2026-02-18T15:22:07.209+0000] {subprocess.py:93} INFO -     retries = retries.increment(
[2026-02-18T15:22:07.209+0000] {subprocess.py:93} INFO -               ^^^^^^^^^^^^^^^^^^
[2026-02-18T15:22:07.210+0000] {subprocess.py:93} INFO -   File "/home/***/.local/lib/python3.11/site-packages/urllib3/util/retry.py", line 515, in increment
[2026-02-18T15:22:07.210+0000] {subprocess.py:93} INFO -     raise MaxRetryError(_pool, url, reason) from reason  # type: ignore[arg-type]
[2026-02-18T15:22:07.210+0000] {subprocess.py:93} INFO -     ^^^^^^^^^^^^^^^^^^^^^^^^^^^^^^^^^^^^^^^^^^^^^^^^^^^
[2026-02-18T15:22:07.210+0000] {subprocess.py:93} INFO - urllib3.exceptions.MaxRetryError: HTTPSConnectionPool(host='ch-yellow.callcourier.com.pk', port=443): Max retries exceeded with url: /?query_id=610084bf-a741-4e4f-a89f-a393f07b6d6b (Caused by NewConnectionError('<urllib3.connection.HTTPSConnection object at 0x7bfbd4d70650>: Failed to establish a new connection: [Errno 113] No route to host'))
[2026-02-18T15:22:07.211+0000] {subprocess.py:93} INFO - 
[2026-02-18T15:22:07.211+0000] {subprocess.py:93} INFO - The above exception was the direct cause of the following exception:
[2026-02-18T15:22:07.211+0000] {subprocess.py:93} INFO - 
[2026-02-18T15:22:07.211+0000] {subprocess.py:93} INFO - Traceback (most recent call last):
[2026-02-18T15:22:07.211+0000] {subprocess.py:93} INFO -   File "/opt/***/scripts/script.py", line 302, in <module>
[2026-02-18T15:22:07.212+0000] {subprocess.py:93} INFO -     App().run()
[2026-02-18T15:22:07.212+0000] {subprocess.py:93} INFO -   File "/opt/***/scripts/script.py", line 287, in run
[2026-02-18T15:22:07.212+0000] {subprocess.py:93} INFO -     ch_tables = ClickHouseClient(config).fetch_tables()
[2026-02-18T15:22:07.212+0000] {subprocess.py:93} INFO -                 ^^^^^^^^^^^^^^^^^^^^^^^^
[2026-02-18T15:22:07.212+0000] {subprocess.py:93} INFO -   File "/opt/***/scripts/script.py", line 114, in __init__
[2026-02-18T15:22:07.213+0000] {subprocess.py:93} INFO -     self.client = clickhouse_connect.get_client(
[2026-02-18T15:22:07.213+0000] {subprocess.py:93} INFO -                   ^^^^^^^^^^^^^^^^^^^^^^^^^^^^^^
[2026-02-18T15:22:07.213+0000] {subprocess.py:93} INFO -   File "/home/***/.local/lib/python3.11/site-packages/clickhouse_connect/driver/__init__.py", line 130, in create_client
[2026-02-18T15:22:07.213+0000] {subprocess.py:93} INFO -     return HttpClient(interface, host, port, username, password, database, access_token,
[2026-02-18T15:22:07.213+0000] {subprocess.py:93} INFO -            ^^^^^^^^^^^^^^^^^^^^^^^^^^^^^^^^^^^^^^^^^^^^^^^^^^^^^^^^^^^^^^^^^^^^^^^^^^^^^
[2026-02-18T15:22:07.214+0000] {subprocess.py:93} INFO -   File "/home/***/.local/lib/python3.11/site-packages/clickhouse_connect/driver/httpclient.py", line 182, in __init__
[2026-02-18T15:22:07.214+0000] {subprocess.py:93} INFO -     super().__init__(database=database,
[2026-02-18T15:22:07.214+0000] {subprocess.py:93} INFO -   File "/home/***/.local/lib/python3.11/site-packages/clickhouse_connect/driver/client.py", line 99, in __init__
[2026-02-18T15:22:07.214+0000] {subprocess.py:93} INFO -     self._init_common_settings(apply_server_timezone)
[2026-02-18T15:22:07.214+0000] {subprocess.py:93} INFO -   File "/home/***/.local/lib/python3.11/site-packages/clickhouse_connect/driver/client.py", line 104, in _init_common_settings
[2026-02-18T15:22:07.215+0000] {subprocess.py:93} INFO -     tuple(self.command('SELECT version(), timezone()', use_database=False))
[2026-02-18T15:22:07.215+0000] {subprocess.py:93} INFO -           ^^^^^^^^^^^^^^^^^^^^^^^^^^^^^^^^^^^^^^^^^^^^^^^^^^^^^^^^^^^^^^^^
[2026-02-18T15:22:07.215+0000] {subprocess.py:93} INFO -   File "/home/***/.local/lib/python3.11/site-packages/clickhouse_connect/driver/httpclient.py", line 428, in command
[2026-02-18T15:22:07.215+0000] {subprocess.py:93} INFO -     response = self._raw_request(payload, params, headers, method, fields=fields, server_wait=False)
[2026-02-18T15:22:07.215+0000] {subprocess.py:93} INFO -                ^^^^^^^^^^^^^^^^^^^^^^^^^^^^^^^^^^^^^^^^^^^^^^^^^^^^^^^^^^^^^^^^^^^^^^^^^^^^^^^^^^^^^
[2026-02-18T15:22:07.216+0000] {subprocess.py:93} INFO -   File "/home/***/.local/lib/python3.11/site-packages/clickhouse_connect/driver/httpclient.py", line 554, in _raw_request
[2026-02-18T15:22:07.216+0000] {subprocess.py:93} INFO -     raise OperationalError(f'Error {ex} executing HTTP request attempt {attempts}{err_url}') from ex
[2026-02-18T15:22:07.216+0000] {subprocess.py:93} INFO - clickhouse_connect.driver.exceptions.OperationalError: Error HTTPSConnectionPool(host='ch-yellow.callcourier.com.pk', port=443): Max retries exceeded with url: /?query_id=610084bf-a741-4e4f-a89f-a393f07b6d6b (Caused by NewConnectionError('<urllib3.connection.HTTPSConnection object at 0x7bfbd4d70650>: Failed to establish a new connection: [Errno 113] No route to host')) executing HTTP request attempt 1 (https://ch-yellow.callcourier.com.pk:443)
[2026-02-18T15:22:07.316+0000] {subprocess.py:97} INFO - Command exited with return code 1
[2026-02-18T15:22:07.331+0000] {taskinstance.py:2698} ERROR - Task failed with exception
Traceback (most recent call last):
  File "/home/airflow/.local/lib/python3.11/site-packages/airflow/models/taskinstance.py", line 433, in _execute_task
    result = execute_callable(context=context, **execute_callable_kwargs)
             ^^^^^^^^^^^^^^^^^^^^^^^^^^^^^^^^^^^^^^^^^^^^^^^^^^^^^^^^^^^^
  File "/home/airflow/.local/lib/python3.11/site-packages/airflow/operators/bash.py", line 212, in execute
    raise AirflowException(
airflow.exceptions.AirflowException: Bash command failed. The command returned a non-zero exit code 1.
[2026-02-18T15:22:07.336+0000] {taskinstance.py:1138} INFO - Marking task as FAILED. dag_id=run_python_script_15min, task_id=run_script_with_bash, execution_date=20260218T150000, start_date=20260218T152104, end_date=20260218T152207
[2026-02-18T15:22:07.352+0000] {standard_task_runner.py:107} ERROR - Failed to execute job 21 for task run_script_with_bash (Bash command failed. The command returned a non-zero exit code 1.; 3383)
[2026-02-18T15:22:07.378+0000] {local_task_job_runner.py:234} INFO - Task exited with return code 1
[2026-02-18T15:22:07.396+0000] {taskinstance.py:3280} INFO - 0 downstream tasks scheduled from follow-on schedule check
